<?xml version="1.0" encoding="UTF-8"?>
<!-- Generated by org.testng.reporters.JUnitReportReporter -->
<testsuite hostname="My-PC" name="test.testclass2" tests="1" failures="0" timestamp="11 May 2020 16:08:24 GMT" time="71.247" errors="0">
  <testcase name="shopcategries" time="71.247" classname="test.testclass2"/>
</testsuite> <!-- test.testclass2 -->
